<?xml version="1.0" encoding="UTF-8"?>
<!-- Generated by org.testng.reporters.JUnitXMLReporter -->
<testsuite ignored="0" hostname="Suresh" failures="0" tests="5" name="Assignment" time="0.112" errors="0" timestamp="2024-04-15T07:27:53 IST">
  <testcase classname="testPractice.TestNG" name="Login" time="0.009"/>
  <testcase classname="testPractice.TestNG" name="Setup" time="0.003"/>
  <testcase classname="testPractice.TestNG" name="Teardown" time="0.002"/>
  <testcase classname="testPractice.Test123" name="test" time="0.001"/>
  <testcase classname="testPractice.Annotations" name="execute" time="0.01"/>
</testsuite> <!-- Assignment -->
