<?xml version="1.0" encoding="UTF-8"?>
<testng-results ignored="0" total="5" passed="5" failed="0" skipped="0">
  <reporter-output>
  </reporter-output>
  <suite started-at="2024-04-15T07:27:53 IST" name="Practice" finished-at="2024-04-15T07:27:53 IST" duration-ms="112">
    <groups>
    </groups>
    <test started-at="2024-04-15T07:27:53 IST" name="Assignment" finished-at="2024-04-15T07:27:53 IST" duration-ms="112">
      <class name="testPractice.Annotations">
        <test-method is-config="true" signature="beforeMethod()[pri:0, instance:testPractice.Annotations@7e5afaa6]" started-at="2024-04-15T07:27:53 IST" name="beforeMethod" finished-at="2024-04-15T07:27:53 IST" duration-ms="1" status="PASS">
          <reporter-output>
          </reporter-output>
        </test-method> <!-- beforeMethod -->
        <test-method signature="execute()[pri:0, instance:testPractice.Annotations@7e5afaa6]" started-at="2024-04-15T07:27:53 IST" name="execute" finished-at="2024-04-15T07:27:53 IST" duration-ms="10" status="PASS">
          <reporter-output>
          </reporter-output>
        </test-method> <!-- execute -->
        <test-method is-config="true" signature="afterMethod()[pri:0, instance:testPractice.Annotations@7e5afaa6]" started-at="2024-04-15T07:27:53 IST" name="afterMethod" finished-at="2024-04-15T07:27:53 IST" duration-ms="9" status="PASS">
          <reporter-output>
          </reporter-output>
        </test-method> <!-- afterMethod -->
      </class> <!-- testPractice.Annotations -->
      <class name="testPractice.Test123">
        <test-method signature="test()[pri:0, instance:testPractice.Test123@4a7f959b]" started-at="2024-04-15T07:27:53 IST" name="test" finished-at="2024-04-15T07:27:53 IST" duration-ms="1" status="PASS">
          <reporter-output>
          </reporter-output>
        </test-method> <!-- test -->
      </class> <!-- testPractice.Test123 -->
      <class name="testPractice.TestNG">
        <test-method signature="Login()[pri:0, instance:testPractice.TestNG@29d89d5d]" started-at="2024-04-15T07:27:53 IST" name="Login" finished-at="2024-04-15T07:27:53 IST" duration-ms="9" status="PASS">
          <reporter-output>
          </reporter-output>
        </test-method> <!-- Login -->
        <test-method signature="Setup()[pri:0, instance:testPractice.TestNG@29d89d5d]" started-at="2024-04-15T07:27:53 IST" name="Setup" finished-at="2024-04-15T07:27:53 IST" duration-ms="3" status="PASS">
          <reporter-output>
          </reporter-output>
        </test-method> <!-- Setup -->
        <test-method signature="Teardown()[pri:0, instance:testPractice.TestNG@29d89d5d]" started-at="2024-04-15T07:27:53 IST" name="Teardown" finished-at="2024-04-15T07:27:53 IST" duration-ms="2" status="PASS">
          <reporter-output>
          </reporter-output>
        </test-method> <!-- Teardown -->
      </class> <!-- testPractice.TestNG -->
    </test> <!-- Assignment -->
  </suite> <!-- Practice -->
</testng-results>
